<?xml version="1.0" encoding="utf-8"?><testsuites name="pytest tests"><testsuite name="pytest" errors="0" failures="0" skipped="0" tests="13" time="4.561" timestamp="2026-07-21T14:43:23.974491+00:00" hostname="agent-env-e51a767b-362e-408c-8e09-23aeeabf2220"><testcase classname="test_moderator.TestModAuth" name="test_list_reports_without_token_returns_401" time="0.309" /><testcase classname="test_moderator.TestModAuth" name="test_list_reports_with_wrong_token_returns_401" time="0.138" /><testcase classname="test_moderator.TestModAuth" name="test_verify_wrong_token_returns_401" time="0.173" /><testcase classname="test_moderator.TestModAuth" name="test_verify_correct_token_returns_ok" time="0.218" /><testcase classname="test_moderator.TestModAuth" name="test_verify_via_header_only" time="0.124" /><testcase classname="test_moderator.TestModAuth" name="test_resolve_nonexistent_returns_404" time="0.122" /><testcase classname="test_moderator.TestModAuth" name="test_reopen_nonexistent_returns_404" time="0.164" /><testcase classname="test_moderator.TestModListReports" name="test_list_open_returns_shape" time="0.128" /><testcase classname="test_moderator.TestModListReports" name="test_list_resolved_only_resolved" time="0.116" /><testcase classname="test_moderator.TestModListReports" name="test_list_all" time="0.228" /><testcase classname="test_moderator.TestModListReports" name="test_bearer_token_also_accepted" time="0.105" /><testcase classname="test_moderator.TestModFullLifecycle" name="test_seed_resolve_reopen" time="1.621" /><testcase classname="test_moderator.TestModFullLifecycle" name="test_backward_compat_new_report_defaults_resolved_false" time="0.912" /></testsuite></testsuites>