<?xml version="1.0" encoding="utf-8"?><testsuites name="pytest tests"><testsuite name="pytest" errors="0" failures="0" skipped="0" tests="18" time="11.360" timestamp="2026-07-21T14:33:00.814886+00:00" hostname="agent-env-e51a767b-362e-408c-8e09-23aeeabf2220"><testcase classname="test_chatroom.TestRestEndpoints" name="test_health" time="0.147" /><testcase classname="test_chatroom.TestRestEndpoints" name="test_rooms" time="0.129" /><testcase classname="test_chatroom.TestRestEndpoints" name="test_messages_general" time="0.106" /><testcase classname="test_chatroom.TestRestEndpoints" name="test_messages_unknown_room_404" time="0.182" /><testcase classname="test_chatroom.TestRestEndpoints" name="test_messages_stranger_room_404" time="0.101" /><testcase classname="test_chatroom.TestSocketIO" name="test_connect_and_snapshots" time="0.319" /><testcase classname="test_chatroom.TestSocketIO" name="test_join_general_and_receive_messages" time="0.205" /><testcase classname="test_chatroom.TestSocketIO" name="test_join_unknown_room" time="0.356" /><testcase classname="test_chatroom.TestSocketIO" name="test_message_send_persists_and_broadcasts" time="0.718" /><testcase classname="test_chatroom.TestSocketIO" name="test_presence_updates_on_second_join" time="0.773" /><testcase classname="test_chatroom.TestSocketIO" name="test_unread_bump_and_markread" time="1.022" /><testcase classname="test_chatroom.TestSocketIO" name="test_first_time_visit_unread_zero" time="0.285" /><testcase classname="test_chatroom.TestSocketIO" name="test_load_older_messages" time="3.383" /><testcase classname="test_chatroom.TestStranger" name="test_match_two_clients" time="0.640" /><testcase classname="test_chatroom.TestStranger" name="test_stranger_message_not_persisted" time="0.717" /><testcase classname="test_chatroom.TestStranger" name="test_stranger_skip" time="0.726" /><testcase classname="test_chatroom.TestStranger" name="test_stranger_report" time="0.619" /><testcase classname="test_chatroom.TestStranger" name="test_stranger_disconnect" time="0.762" /></testsuite></testsuites>