<?xml version="1.0" encoding="utf-8"?><testsuites name="pytest tests"><testsuite name="pytest" errors="0" failures="0" skipped="0" tests="42" time="31.551" timestamp="2026-07-21T15:08:57.243064+00:00" hostname="agent-env-e51a767b-362e-408c-8e09-23aeeabf2220"><testcase classname="test_chatroom.TestRestEndpoints" name="test_health" time="0.159" /><testcase classname="test_chatroom.TestRestEndpoints" name="test_rooms" time="0.125" /><testcase classname="test_chatroom.TestRestEndpoints" name="test_messages_general" time="0.128" /><testcase classname="test_chatroom.TestRestEndpoints" name="test_messages_unknown_room_404" time="0.184" /><testcase classname="test_chatroom.TestRestEndpoints" name="test_messages_stranger_room_404" time="0.197" /><testcase classname="test_chatroom.TestSocketIO" name="test_connect_and_snapshots" time="0.336" /><testcase classname="test_chatroom.TestSocketIO" name="test_join_general_and_receive_messages" time="0.366" /><testcase classname="test_chatroom.TestSocketIO" name="test_join_unknown_room" time="0.277" /><testcase classname="test_chatroom.TestSocketIO" name="test_message_send_persists_and_broadcasts" time="0.770" /><testcase classname="test_chatroom.TestSocketIO" name="test_presence_updates_on_second_join" time="0.479" /><testcase classname="test_chatroom.TestSocketIO" name="test_unread_bump_and_markread" time="0.956" /><testcase classname="test_chatroom.TestSocketIO" name="test_first_time_visit_unread_zero" time="0.426" /><testcase classname="test_chatroom.TestSocketIO" name="test_load_older_messages" time="2.526" /><testcase classname="test_chatroom.TestStranger" name="test_match_two_clients" time="0.759" /><testcase classname="test_chatroom.TestStranger" name="test_stranger_message_not_persisted" time="1.065" /><testcase classname="test_chatroom.TestStranger" name="test_stranger_skip" time="0.837" /><testcase classname="test_chatroom.TestStranger" name="test_stranger_report" time="0.534" /><testcase classname="test_chatroom.TestStranger" name="test_stranger_disconnect" time="0.652" /><testcase classname="test_moderator.TestModAuth" name="test_list_reports_without_token_returns_401" time="0.115" /><testcase classname="test_moderator.TestModAuth" name="test_list_reports_with_wrong_token_returns_401" time="0.133" /><testcase classname="test_moderator.TestModAuth" name="test_verify_wrong_token_returns_401" time="0.112" /><testcase classname="test_moderator.TestModAuth" name="test_verify_correct_token_returns_ok" time="0.121" /><testcase classname="test_moderator.TestModAuth" name="test_verify_via_header_only" time="0.109" /><testcase classname="test_moderator.TestModAuth" name="test_resolve_nonexistent_returns_404" time="0.127" /><testcase classname="test_moderator.TestModAuth" name="test_reopen_nonexistent_returns_404" time="0.117" /><testcase classname="test_moderator.TestModListReports" name="test_list_open_returns_shape" time="0.127" /><testcase classname="test_moderator.TestModListReports" name="test_list_resolved_only_resolved" time="0.099" /><testcase classname="test_moderator.TestModListReports" name="test_list_all" time="0.116" /><testcase classname="test_moderator.TestModListReports" name="test_bearer_token_also_accepted" time="0.153" /><testcase classname="test_moderator.TestModFullLifecycle" name="test_seed_resolve_reopen" time="1.534" /><testcase classname="test_moderator.TestModFullLifecycle" name="test_backward_compat_new_report_defaults_resolved_false" time="0.903" /><testcase classname="test_rate_limit_and_pagination.TestRateLimiterPublic" name="test_min_gap_too_fast" time="0.375" /><testcase classname="test_rate_limit_and_pagination.TestRateLimiterPublic" name="test_burst_blocks_sixth" time="2.313" /><testcase classname="test_rate_limit_and_pagination.TestRateLimiterPublic" name="test_passthrough_at_450ms" time="11.462" /><testcase classname="test_rate_limit_and_pagination.TestRateLimiterPublic" name="test_bucket_cleared_on_disconnect" time="0.584" /><testcase classname="test_rate_limit_and_pagination.TestRateLimiterStranger" name="test_too_fast_in_stranger_room" time="0.586" /><testcase classname="test_rate_limit_and_pagination.TestRateLimiterSustainedShape" name="test_error_shape_documented_rules" time="0.391" /><testcase classname="test_rate_limit_and_pagination.TestModPagination" name="test_default_limit_offset_params_accepted" time="0.148" /><testcase classname="test_rate_limit_and_pagination.TestModPagination" name="test_offset_beyond_returns_empty" time="0.164" /><testcase classname="test_rate_limit_and_pagination.TestModPagination" name="test_limit_clamped_max_200" time="0.125" /><testcase classname="test_rate_limit_and_pagination.TestModPagination" name="test_limit_zero_falls_back_to_default" time="0.122" /><testcase classname="test_rate_limit_and_pagination.TestModPagination" name="test_page2_offset_disjoint_from_page1" time="0.550" /></testsuite></testsuites>