<?xml version="1.0" encoding="utf-8"?><testsuites name="pytest tests"><testsuite name="pytest" errors="0" failures="0" skipped="0" tests="11" time="16.784" timestamp="2026-07-21T15:08:34.590994+00:00" hostname="agent-env-e51a767b-362e-408c-8e09-23aeeabf2220"><testcase classname="test_rate_limit_and_pagination.TestRateLimiterPublic" name="test_min_gap_too_fast" time="0.442" /><testcase classname="test_rate_limit_and_pagination.TestRateLimiterPublic" name="test_burst_blocks_sixth" time="2.353" /><testcase classname="test_rate_limit_and_pagination.TestRateLimiterPublic" name="test_passthrough_at_450ms" time="11.226" /><testcase classname="test_rate_limit_and_pagination.TestRateLimiterPublic" name="test_bucket_cleared_on_disconnect" time="0.727" /><testcase classname="test_rate_limit_and_pagination.TestRateLimiterStranger" name="test_too_fast_in_stranger_room" time="0.714" /><testcase classname="test_rate_limit_and_pagination.TestRateLimiterSustainedShape" name="test_error_shape_documented_rules" time="0.279" /><testcase classname="test_rate_limit_and_pagination.TestModPagination" name="test_default_limit_offset_params_accepted" time="0.114" /><testcase classname="test_rate_limit_and_pagination.TestModPagination" name="test_offset_beyond_returns_empty" time="0.134" /><testcase classname="test_rate_limit_and_pagination.TestModPagination" name="test_limit_clamped_max_200" time="0.173" /><testcase classname="test_rate_limit_and_pagination.TestModPagination" name="test_limit_zero_falls_back_to_default" time="0.197" /><testcase classname="test_rate_limit_and_pagination.TestModPagination" name="test_page2_offset_disjoint_from_page1" time="0.245" /></testsuite></testsuites>